2019-01-27 22:00:29.719  INFO 20320 --- [main] com.springboot.project.App               : Starting App on PC-Chen with PID 20320 (E:\AllCodeFiles\MarketProject\springProject\MarketProject-SpringProject\project\target\classes started by Y_Chen in E:\AllCodeFiles\MarketProject\springProject\MarketProject-SpringProject\project)
2019-01-27 22:00:29.724  INFO 20320 --- [main] com.springboot.project.App               : The following profiles are active: dev
2019-01-27 22:00:32.431  INFO 20320 --- [main] o.s.b.w.embedded.tomcat.TomcatWebServer  : Tomcat initialized with port(s): 8080 (http)
2019-01-27 22:00:32.464  INFO 20320 --- [main] o.apache.catalina.core.StandardService   : Starting service [Tomcat]
2019-01-27 22:00:32.465  INFO 20320 --- [main] org.apache.catalina.core.StandardEngine  : Starting Servlet Engine: Apache Tomcat/9.0.13
2019-01-27 22:00:32.486  INFO 20320 --- [main] o.a.catalina.core.AprLifecycleListener   : An older version [1.2.17] of the APR based Apache Tomcat Native library is installed, while Tomcat recommends a minimum version of [1.2.18]
2019-01-27 22:00:32.486  INFO 20320 --- [main] o.a.catalina.core.AprLifecycleListener   : Loaded APR based Apache Tomcat Native library [1.2.17] using APR version [1.6.3].
2019-01-27 22:00:32.486  INFO 20320 --- [main] o.a.catalina.core.AprLifecycleListener   : APR capabilities: IPv6 [true], sendfile [true], accept filters [false], random [true].
2019-01-27 22:00:32.486  INFO 20320 --- [main] o.a.catalina.core.AprLifecycleListener   : APR/OpenSSL configuration: useAprConnector [false], useOpenSSL [true]
2019-01-27 22:00:33.585  INFO 20320 --- [main] o.a.catalina.core.AprLifecycleListener   : OpenSSL successfully initialized [OpenSSL 1.0.2o  27 Mar 2018]
2019-01-27 22:00:33.742  INFO 20320 --- [main] o.a.c.c.C.[Tomcat].[localhost].[/]       : Initializing Spring embedded WebApplicationContext
2019-01-27 22:00:33.742  INFO 20320 --- [main] o.s.web.context.ContextLoader            : Root WebApplicationContext: initialization completed in 3902 ms
2019-01-27 22:00:34.490  INFO 20320 --- [main] o.s.s.concurrent.ThreadPoolTaskExecutor  : Initializing ExecutorService 'applicationTaskExecutor'
2019-01-27 22:00:34.899  INFO 20320 --- [main] o.s.b.w.embedded.tomcat.TomcatWebServer  : Tomcat started on port(s): 8080 (http) with context path ''
2019-01-27 22:00:34.905  INFO 20320 --- [main] com.springboot.project.App               : Started App in 5.775 seconds (JVM running for 6.484)
2019-01-27 22:02:44.323  INFO 20320 --- [http-nio-8080-exec-1] o.a.c.c.C.[Tomcat].[localhost].[/]       : Initializing Spring DispatcherServlet 'dispatcherServlet'
2019-01-27 22:02:44.324  INFO 20320 --- [http-nio-8080-exec-1] o.s.web.servlet.DispatcherServlet        : Initializing Servlet 'dispatcherServlet'
2019-01-27 22:02:44.341  INFO 20320 --- [http-nio-8080-exec-1] o.s.web.servlet.DispatcherServlet        : Completed initialization in 17 ms
2019-01-27 22:02:44.431  INFO 20320 --- [http-nio-8080-exec-1] c.s.p.controller.ProductController       : Search product by code...
2019-01-27 22:02:44.465  INFO 20320 --- [http-nio-8080-exec-1] com.zaxxer.hikari.HikariDataSource       : HikariPool-1 - Starting...
2019-01-27 22:02:45.623  INFO 20320 --- [http-nio-8080-exec-1] com.zaxxer.hikari.HikariDataSource       : HikariPool-1 - Start completed.
2019-01-27 22:02:45.978  INFO 20320 --- [http-nio-8080-exec-2] c.s.p.controller.CategoryController      : Get all categories...
2019-01-27 22:02:53.320  INFO 20320 --- [http-nio-8080-exec-4] c.s.project.controller.ImgController     : Upload img...
2019-01-27 22:02:53.322 ERROR 20320 --- [http-nio-8080-exec-4] c.s.project.controller.ImgController     : Upload img cause abnormal: java.io.FileNotFoundException: C:\Users\Y_Chen\AppData\Local\Temp\tomcat.2536326024978873690.8080\work\Tomcat\localhost\ROOT\.\src\main\resources\imgs\spring.jpg (系统找不到指定的路径。)
